TN:
SF:src/index.ts
FN:1,(empty-report)
FNF:1
FNH:0
FNDA:0,(empty-report)
DA:1,0
DA:2,0
DA:3,0
DA:4,0
DA:5,0
DA:6,0
DA:7,0
DA:8,0
DA:9,0
DA:10,0
DA:11,0
DA:12,0
DA:13,0
DA:14,0
DA:15,0
DA:16,0
DA:17,0
DA:18,0
DA:19,0
DA:20,0
DA:21,0
DA:22,0
DA:23,0
DA:24,0
DA:25,0
DA:26,0
DA:27,0
DA:28,0
DA:29,0
DA:30,0
DA:31,0
DA:32,0
DA:33,0
DA:34,0
DA:35,0
DA:36,0
DA:37,0
DA:38,0
DA:39,0
DA:40,0
DA:41,0
LF:41
LH:0
BRDA:1,0,0,0
BRF:1
BRH:0
end_of_record
TN:
SF:src/config/defaultValues.ts
FNF:0
FNH:0
DA:1,1
DA:2,1
DA:3,1
DA:4,1
DA:5,1
DA:6,1
DA:7,1
DA:8,1
DA:9,1
DA:10,1
DA:11,1
DA:12,1
DA:13,1
DA:14,1
DA:15,1
DA:16,1
DA:17,1
DA:18,1
DA:19,1
DA:20,1
DA:21,1
DA:22,1
DA:23,1
DA:24,1
DA:25,1
DA:26,1
DA:27,1
DA:28,1
LF:28
LH:28
BRF:0
BRH:0
end_of_record
TN:
SF:src/crafting/Resolver/craftErrorLogger.ts
FN:16,craftErrorLogger
FNF:1
FNH:1
FNDA:3,craftErrorLogger
DA:1,1
DA:2,1
DA:3,1
DA:4,1
DA:5,1
DA:6,1
DA:7,1
DA:8,1
DA:9,1
DA:10,1
DA:11,1
DA:12,1
DA:13,1
DA:14,1
DA:15,1
DA:16,1
DA:17,3
DA:18,3
DA:19,3
DA:20,5
DA:21,3
DA:22,3
DA:23,3
DA:24,1
DA:25,2
DA:26,5
DA:27,2
DA:28,2
DA:29,3
DA:30,3
LF:30
LH:30
BRDA:16,0,0,3
BRDA:19,1,0,5
BRDA:20,2,0,3
BRDA:23,3,0,2
BRDA:23,4,0,1
BRDA:26,5,0,2
BRF:6
BRH:6
end_of_record
TN:
SF:src/crafting/Resolver/craftErrorResolver.ts
FN:20,craftErrorResolver
FNF:1
FNH:1
FNDA:1,craftErrorResolver
DA:1,1
DA:2,1
DA:3,1
DA:4,1
DA:5,1
DA:6,1
DA:7,1
DA:8,1
DA:9,1
DA:10,1
DA:11,1
DA:12,1
DA:13,1
DA:14,1
DA:15,1
DA:16,1
DA:17,1
DA:18,1
DA:19,1
DA:20,1
DA:21,1
DA:22,1
DA:23,1
DA:24,2
DA:25,2
DA:26,2
DA:27,2
DA:28,2
DA:29,1
DA:30,1
DA:31,1
DA:32,1
DA:33,1
DA:34,1
DA:35,1
DA:36,1
DA:37,1
DA:38,0
DA:39,0
DA:40,0
DA:41,1
DA:42,1
DA:43,1
DA:44,1
DA:45,1
DA:46,1
LF:46
LH:43
BRDA:20,0,0,1
BRDA:23,1,0,2
BRDA:24,2,0,0
BRDA:28,3,0,1
BRDA:30,4,0,0
BRDA:37,5,0,0
BRF:6
BRH:3
end_of_record
TN:
SF:src/crafting/Resolver/craftErrorResolverMap.ts
FN:11,craftErrorResolverMap
FNF:1
FNH:1
FNDA:1,craftErrorResolverMap
DA:1,1
DA:2,1
DA:3,1
DA:4,1
DA:5,1
DA:6,1
DA:7,1
DA:8,1
DA:9,1
DA:10,1
DA:11,1
DA:12,1
DA:13,1
DA:14,1
DA:15,1
DA:16,1
DA:17,1
DA:18,1
LF:18
LH:18
BRDA:11,0,0,1
BRF:1
BRH:1
end_of_record
TN:
SF:src/crafting/Synthesizer/craftErrorSynthesizer.ts
FN:13,craftErrorSynthesizer
FN:18,synthesize
FNF:2
FNH:2
FNDA:7,craftErrorSynthesizer
FNDA:7,synthesize
DA:1,1
DA:2,1
DA:3,1
DA:4,1
DA:5,1
DA:6,1
DA:7,1
DA:8,1
DA:9,1
DA:10,1
DA:11,1
DA:12,1
DA:13,1
DA:14,7
DA:15,7
DA:16,7
DA:17,7
DA:18,7
DA:19,7
DA:20,7
DA:21,7
DA:22,7
DA:23,7
DA:24,7
LF:24
LH:24
BRDA:13,0,0,7
BRDA:18,1,0,7
BRF:2
BRH:2
end_of_record
TN:
SF:src/crafting/Synthesizer/helpers.ts
FN:11,flattenMiddlewareChain
FN:36,executeSynthesizerMiddlewareOneByOne
FNF:2
FNH:2
FNDA:9,flattenMiddlewareChain
FNDA:7,executeSynthesizerMiddlewareOneByOne
DA:1,1
DA:2,1
DA:3,1
DA:4,1
DA:5,1
DA:6,1
DA:7,1
DA:8,1
DA:9,1
DA:10,1
DA:11,9
DA:12,9
DA:13,9
DA:14,9
DA:15,9
DA:16,9
DA:17,12
DA:18,2
DA:19,12
DA:20,0
DA:21,10
DA:22,10
DA:23,10
DA:24,9
DA:25,9
DA:26,9
DA:27,9
DA:28,1
DA:29,1
DA:30,1
DA:31,1
DA:32,1
DA:33,1
DA:34,1
DA:35,1
DA:36,1
DA:37,7
DA:38,7
DA:39,7
DA:40,7
DA:41,7
DA:42,7
DA:43,9
DA:44,9
DA:45,9
DA:46,7
DA:47,7
DA:48,7
LF:48
LH:47
BRDA:11,0,0,9
BRDA:16,1,0,12
BRDA:17,2,0,2
BRDA:19,3,0,10
BRDA:19,4,0,0
BRDA:36,5,0,7
BRDA:42,6,0,9
BRDA:44,7,0,2
BRF:8
BRH:7
end_of_record
TN:
SF:src/crafting/Synthesizer/types.ts
FNF:0
FNH:0
DA:1,1
DA:2,1
DA:3,1
DA:4,1
DA:5,1
DA:6,1
DA:7,1
DA:8,1
DA:9,1
DA:10,1
DA:11,1
DA:12,1
DA:13,1
DA:14,1
DA:15,1
DA:16,1
DA:17,10
DA:18,10
DA:19,10
DA:20,10
DA:21,1
DA:22,1
DA:23,1
DA:24,1
DA:25,1
DA:26,1
DA:27,1
DA:28,1
DA:29,1
DA:30,1
DA:31,1
DA:32,1
DA:33,1
LF:33
LH:33
BRDA:16,0,0,10
BRF:1
BRH:1
end_of_record
TN:
SF:src/crafting/Transmuter/craftErrorTransmuter.ts
FN:12,craftErrorTransmuter
FN:19,execute
FNF:2
FNH:2
FNDA:11,craftErrorTransmuter
FNDA:19,execute
DA:1,1
DA:2,1
DA:3,1
DA:4,1
DA:5,1
DA:6,1
DA:7,1
DA:8,1
DA:9,1
DA:10,1
DA:11,1
DA:12,1
DA:13,11
DA:14,11
DA:15,11
DA:16,11
DA:17,11
DA:18,11
DA:19,11
DA:20,19
DA:21,14
DA:22,14
DA:23,5
DA:24,11
DA:25,11
DA:26,11
DA:27,11
DA:28,11
LF:28
LH:28
BRDA:12,0,0,11
BRDA:19,1,0,19
BRDA:20,2,0,14
BRDA:23,3,0,5
BRF:4
BRH:4
end_of_record
TN:
SF:src/crafting/Transmuter/types.ts
FNF:0
FNH:0
DA:1,1
DA:2,1
DA:3,1
DA:4,1
DA:5,1
DA:6,1
DA:7,1
DA:8,1
DA:9,1
DA:10,1
DA:11,1
DA:12,1
DA:13,1
DA:14,1
DA:15,1
DA:16,1
DA:17,1
DA:18,1
DA:19,1
DA:20,1
DA:21,1
DA:22,1
DA:23,1
DA:24,1
DA:25,1
DA:26,1
DA:27,1
DA:28,1
DA:29,1
DA:30,1
DA:31,1
DA:32,1
DA:33,1
DA:34,1
DA:35,1
DA:36,1
DA:37,1
DA:38,1
DA:39,1
DA:40,1
DA:41,1
DA:42,1
DA:43,1
DA:44,1
DA:45,1
DA:46,1
DA:47,1
DA:48,1
DA:49,1
DA:50,1
DA:51,1
DA:52,1
DA:53,1
DA:54,1
DA:55,1
DA:56,1
DA:57,1
DA:58,1
DA:59,1
DA:60,1
DA:61,1
LF:61
LH:61
BRF:0
BRH:0
end_of_record
TN:
SF:src/crafting/craft-errors/craftMysticError.ts
FN:11,craftMysticError
FN:28,CraftedMysticError
FN:43,CraftedMysticError.compare
FNF:3
FNH:3
FNDA:17,craftMysticError
FNDA:59,CraftedMysticError
FNDA:3,CraftedMysticError.compare
DA:1,1
DA:2,1
DA:3,1
DA:4,1
DA:5,1
DA:6,1
DA:7,1
DA:8,1
DA:9,1
DA:10,1
DA:11,1
DA:12,17
DA:13,17
DA:14,17
DA:15,17
DA:16,17
DA:17,17
DA:18,17
DA:19,17
DA:20,17
DA:21,17
DA:22,17
DA:23,17
DA:24,17
DA:25,17
DA:26,17
DA:27,17
DA:28,17
DA:29,59
DA:30,59
DA:31,59
DA:32,59
DA:33,59
DA:34,59
DA:35,59
DA:36,17
DA:37,17
DA:38,17
DA:39,17
DA:40,17
DA:41,17
DA:42,17
DA:43,17
DA:44,3
DA:45,3
DA:46,17
DA:47,17
DA:48,17
DA:49,17
LF:49
LH:49
BRDA:11,0,0,17
BRDA:20,1,0,17
BRDA:28,2,0,59
BRDA:29,3,0,0
BRDA:43,4,0,3
BRF:5
BRH:4
end_of_record
TN:
SF:src/crafting/craft-errors/craftSynthesizedError.ts
FN:11,craftSynthesizedError
FN:28,CraftedSynthesizedError
FN:43,CraftedSynthesizedError.compare
FNF:3
FNH:3
FNDA:6,craftSynthesizedError
FNDA:6,CraftedSynthesizedError
FNDA:1,CraftedSynthesizedError.compare
DA:1,1
DA:2,1
DA:3,1
DA:4,1
DA:5,1
DA:6,1
DA:7,1
DA:8,1
DA:9,1
DA:10,1
DA:11,1
DA:12,6
DA:13,6
DA:14,6
DA:15,6
DA:16,6
DA:17,6
DA:18,6
DA:19,6
DA:20,6
DA:21,6
DA:22,6
DA:23,6
DA:24,6
DA:25,6
DA:26,6
DA:27,6
DA:28,6
DA:29,6
DA:30,6
DA:31,6
DA:32,6
DA:33,6
DA:34,6
DA:35,6
DA:36,6
DA:37,6
DA:38,6
DA:39,6
DA:40,6
DA:41,6
DA:42,6
DA:43,6
DA:44,1
DA:45,1
DA:46,6
DA:47,6
DA:48,6
DA:49,6
LF:49
LH:49
BRDA:11,0,0,6
BRDA:20,1,0,6
BRDA:28,2,0,6
BRDA:29,3,0,0
BRDA:43,4,0,1
BRF:5
BRH:4
end_of_record
TN:
SF:src/crafting/craft-errors/types.ts
FNF:0
FNH:0
DA:1,1
DA:2,1
DA:3,1
DA:4,1
DA:5,1
DA:6,1
DA:7,1
DA:8,1
DA:9,1
DA:10,1
DA:11,1
DA:12,1
DA:13,1
DA:14,1
DA:15,1
DA:16,1
DA:17,1
DA:18,1
DA:19,1
DA:20,1
DA:21,1
DA:22,1
DA:23,1
DA:24,1
DA:25,1
DA:26,1
DA:27,1
DA:28,1
DA:29,1
DA:30,1
DA:31,1
DA:32,1
DA:33,1
DA:34,1
DA:35,1
DA:36,1
DA:37,1
DA:38,1
DA:39,1
DA:40,1
DA:41,1
DA:42,1
DA:43,1
DA:44,1
DA:45,1
DA:46,1
DA:47,1
DA:48,1
LF:48
LH:48
BRF:0
BRH:0
end_of_record
TN:
SF:src/crafting/useErrorAlchemy/useErrorAlchemy.ts
FN:36,useErrorAlchemy
FN:45,_craftErrorTransmuter
FN:49,newTransmuterFunction
FN:65,_craftErrorSynthesizer
FN:72,synthesize
FN:91,_craftMysticError
FN:102,_craftSynthesizedError
FNF:7
FNH:7
FNDA:12,useErrorAlchemy
FNDA:6,_craftErrorTransmuter
FNDA:11,newTransmuterFunction
FNDA:1,_craftErrorSynthesizer
FNDA:1,synthesize
FNDA:10,_craftMysticError
FNDA:1,_craftSynthesizedError
DA:1,1
DA:2,1
DA:3,1
DA:4,1
DA:5,1
DA:6,1
DA:7,1
DA:8,1
DA:9,1
DA:10,1
DA:11,1
DA:12,1
DA:13,1
DA:14,1
DA:15,1
DA:16,1
DA:17,1
DA:18,1
DA:19,1
DA:20,1
DA:21,1
DA:22,1
DA:23,1
DA:24,1
DA:25,1
DA:26,1
DA:27,1
DA:28,1
DA:29,1
DA:30,1
DA:31,1
DA:32,1
DA:33,1
DA:34,1
DA:35,1
DA:36,1
DA:37,12
DA:38,12
DA:39,12
DA:40,12
DA:41,12
DA:42,12
DA:43,12
DA:44,12
DA:45,12
DA:46,6
DA:47,6
DA:48,6
DA:49,6
DA:50,11
DA:51,11
DA:52,11
DA:53,11
DA:54,6
DA:55,6
DA:56,6
DA:57,12
DA:58,12
DA:59,12
DA:60,12
DA:61,12
DA:62,12
DA:63,12
DA:64,12
DA:65,12
DA:66,1
DA:67,1
DA:68,1
DA:69,1
DA:70,1
DA:71,1
DA:72,1
DA:73,1
DA:74,1
DA:75,1
DA:76,1
DA:77,1
DA:78,1
DA:79,1
DA:80,1
DA:81,1
DA:82,1
DA:83,12
DA:84,12
DA:85,12
DA:86,12
DA:87,12
DA:88,12
DA:89,12
DA:90,12
DA:91,12
DA:92,10
DA:93,10
DA:94,12
DA:95,12
DA:96,12
DA:97,12
DA:98,12
DA:99,12
DA:100,12
DA:101,12
DA:102,12
DA:103,1
DA:104,1
DA:105,12
DA:106,12
DA:107,12
DA:108,12
DA:109,12
DA:110,12
DA:111,12
DA:112,12
DA:113,12
DA:114,12
DA:115,12
DA:116,12
DA:117,12
DA:118,12
DA:119,12
DA:120,12
DA:121,12
DA:122,12
DA:123,12
DA:124,12
DA:125,12
DA:126,12
DA:127,12
DA:128,12
DA:129,12
DA:130,12
DA:131,12
DA:132,12
DA:133,12
DA:134,12
DA:135,12
DA:136,12
DA:137,12
DA:138,12
DA:139,12
DA:140,12
DA:141,12
DA:142,12
DA:143,12
DA:144,12
DA:145,12
DA:146,12
DA:147,12
DA:148,12
DA:149,12
DA:150,12
DA:151,12
DA:152,12
DA:153,12
DA:154,12
DA:155,12
DA:156,12
DA:157,12
DA:158,12
DA:159,12
DA:160,12
DA:161,12
DA:162,12
DA:163,12
DA:164,12
DA:165,12
DA:166,12
LF:166
LH:166
BRDA:36,0,0,12
BRDA:45,1,0,6
BRDA:49,2,0,11
BRDA:65,3,0,1
BRDA:72,4,0,1
BRDA:91,5,0,10
BRDA:102,6,0,1
BRF:7
BRH:7
end_of_record
TN:
SF:src/error-code/errorCodeSelector.ts
FNF:0
FNH:0
DA:1,1
DA:2,1
DA:3,1
DA:4,1
DA:5,1
DA:6,1
DA:7,1
DA:8,1
DA:9,1
DA:10,1
DA:11,1
DA:12,1
DA:13,1
DA:14,1
DA:15,1
DA:16,1
DA:17,1
DA:18,1
DA:19,1
DA:20,1
DA:21,1
DA:22,1
DA:23,1
DA:24,1
DA:25,1
DA:26,1
DA:27,1
DA:28,1
DA:29,1
DA:30,1
DA:31,1
DA:32,1
DA:33,1
DA:34,1
DA:35,1
DA:36,1
DA:37,1
DA:38,1
DA:39,1
DA:40,1
DA:41,1
DA:42,1
DA:43,1
DA:44,1
DA:45,1
DA:46,1
DA:47,1
DA:48,1
DA:49,1
DA:50,1
DA:51,1
DA:52,1
DA:53,1
DA:54,1
DA:55,1
DA:56,1
DA:57,1
DA:58,1
DA:59,1
DA:60,1
DA:61,1
DA:62,1
DA:63,1
DA:64,1
DA:65,1
DA:66,1
DA:67,1
DA:68,1
DA:69,1
DA:70,1
DA:71,1
DA:72,1
DA:73,1
DA:74,1
DA:75,1
DA:76,1
DA:77,1
DA:78,1
DA:79,1
LF:79
LH:79
BRF:0
BRH:0
end_of_record
TN:
SF:src/error-code/isErrorCode.ts
FN:9,isErrorCode
FNF:1
FNH:1
FNDA:57,isErrorCode
DA:1,1
DA:2,1
DA:3,1
DA:4,1
DA:5,1
DA:6,1
DA:7,1
DA:8,1
DA:9,1
DA:10,57
DA:11,57
LF:11
LH:11
BRDA:9,0,0,57
BRF:1
BRH:1
end_of_record
TN:
SF:src/error-code/types.ts
FNF:0
FNH:0
DA:1,1
DA:2,1
DA:3,1
DA:4,1
DA:5,1
DA:6,1
DA:7,1
DA:8,1
DA:9,1
DA:10,1
DA:11,1
DA:12,1
DA:13,1
DA:14,1
DA:15,1
DA:16,1
DA:17,1
DA:18,1
DA:19,1
DA:20,1
DA:21,1
LF:21
LH:21
BRF:0
BRH:0
end_of_record
TN:
SF:src/play/SimpleClass.ts
FN:1,SimpleClass
FN:2,get
FNF:2
FNH:2
FNDA:1,SimpleClass
FNDA:2,get
DA:1,1
DA:2,1
DA:3,2
DA:4,2
DA:5,1
LF:5
LH:5
BRDA:1,0,0,1
BRDA:1,1,0,1
BRDA:2,2,0,2
BRF:3
BRH:3
end_of_record
TN:
SF:src/severity/severityDescriptionMap.ts
FNF:0
FNH:0
DA:1,1
DA:2,1
DA:3,1
DA:4,1
DA:5,1
DA:6,1
DA:7,1
DA:8,1
DA:9,1
DA:10,1
DA:11,1
DA:12,1
DA:13,1
DA:14,1
DA:15,1
DA:16,1
LF:16
LH:16
BRF:0
BRH:0
end_of_record
TN:
SF:src/severity/severitySelector.ts
FNF:0
FNH:0
DA:1,1
DA:2,1
DA:3,1
DA:4,1
DA:5,1
DA:6,1
DA:7,1
DA:8,1
DA:9,1
DA:10,1
DA:11,1
LF:11
LH:11
BRF:0
BRH:0
end_of_record
TN:
SF:src/severity/types.ts
FNF:0
FNH:0
DA:1,1
DA:2,1
DA:3,1
DA:4,1
DA:5,1
DA:6,1
DA:7,1
DA:8,1
DA:9,1
DA:10,1
DA:11,1
DA:12,1
DA:13,1
DA:14,1
DA:15,1
DA:16,1
DA:17,1
DA:18,1
DA:19,1
DA:20,1
DA:21,1
DA:22,1
DA:23,1
LF:23
LH:23
BRF:0
BRH:0
end_of_record
TN:
SF:src/transmuted-errors/MysticError.ts
FN:15,MysticError
FNF:1
FNH:1
FNDA:64,MysticError
DA:1,1
DA:2,1
DA:3,1
DA:4,1
DA:5,1
DA:6,1
DA:7,1
DA:8,1
DA:9,15
DA:10,15
DA:11,15
DA:12,15
DA:13,15
DA:14,15
DA:15,15
DA:16,64
DA:17,64
DA:18,64
DA:19,64
DA:20,64
DA:21,15
LF:21
LH:21
BRDA:9,0,0,15
BRDA:15,1,0,64
BRDA:16,2,0,0
BRF:3
BRH:2
end_of_record
TN:
SF:src/transmuted-errors/SynthesizedError.ts
FN:15,SynthesizedError
FNF:1
FNH:1
FNDA:10,SynthesizedError
DA:1,1
DA:2,1
DA:3,1
DA:4,1
DA:5,1
DA:6,1
DA:7,1
DA:8,1
DA:9,14
DA:10,14
DA:11,14
DA:12,14
DA:13,14
DA:14,14
DA:15,14
DA:16,10
DA:17,10
DA:18,10
DA:19,10
DA:20,10
DA:21,14
LF:21
LH:21
BRDA:9,0,0,14
BRDA:15,1,0,10
BRDA:16,2,0,0
BRF:3
BRH:2
end_of_record
TN:
SF:src/transmuted-errors/TransmutedError.ts
FN:63,TransmutedError
FN:31,get
FN:40,get
FN:49,get
FNF:4
FNH:4
FNDA:79,TransmutedError
FNDA:1,get
FNDA:2,get
FNDA:3,get
DA:1,1
DA:2,1
DA:3,1
DA:4,1
DA:5,1
DA:6,1
DA:7,1
DA:8,1
DA:9,1
DA:10,1
DA:11,1
DA:12,1
DA:13,1
DA:14,1
DA:15,18
DA:16,18
DA:17,18
DA:18,18
DA:19,18
DA:20,18
DA:21,18
DA:22,18
DA:23,18
DA:24,18
DA:25,18
DA:26,18
DA:27,18
DA:28,18
DA:29,18
DA:30,18
DA:31,18
DA:32,1
DA:33,1
DA:34,18
DA:35,18
DA:36,18
DA:37,18
DA:38,18
DA:39,18
DA:40,18
DA:41,2
DA:42,2
DA:43,18
DA:44,18
DA:45,18
DA:46,18
DA:47,18
DA:48,18
DA:49,18
DA:50,3
DA:51,3
DA:52,3
DA:53,3
DA:54,3
DA:55,3
DA:56,3
DA:57,18
DA:58,18
DA:59,18
DA:60,18
DA:61,18
DA:62,18
DA:63,18
DA:64,79
DA:65,79
DA:66,79
DA:67,79
DA:68,79
DA:69,79
DA:70,79
DA:71,79
DA:72,79
DA:73,79
DA:74,79
DA:75,79
DA:76,79
DA:77,79
DA:78,79
DA:79,14
DA:80,14
DA:81,14
DA:82,14
DA:83,0
DA:84,0
DA:85,14
DA:86,14
DA:87,14
DA:88,14
DA:89,79
DA:90,79
DA:91,4
DA:92,4
DA:93,4
DA:94,4
DA:95,4
DA:96,79
DA:97,79
DA:98,79
DA:99,79
DA:100,79
DA:101,79
DA:102,79
DA:103,79
DA:104,79
DA:105,79
DA:106,79
DA:107,79
DA:108,79
DA:109,79
DA:110,79
DA:111,79
DA:112,79
DA:113,79
DA:114,79
DA:115,79
DA:116,79
DA:117,79
DA:118,79
DA:119,79
DA:120,54
DA:121,78
DA:122,25
DA:123,25
DA:124,79
DA:125,79
DA:126,79
DA:127,14
DA:128,78
DA:129,65
DA:130,65
DA:131,0
DA:132,0
DA:133,79
DA:134,18
LF:134
LH:130
BRDA:15,0,0,18
BRDA:63,1,0,79
BRDA:64,2,0,0
BRDA:78,3,0,14
BRDA:82,4,0,4
BRDA:82,5,0,0
BRDA:90,6,0,4
BRDA:112,7,0,57
BRDA:112,8,0,22
BRDA:115,9,0,49
BRDA:115,10,0,30
BRDA:119,11,0,54
BRDA:119,12,0,78
BRDA:119,13,0,54
BRDA:121,14,0,25
BRDA:126,15,0,78
BRDA:126,16,0,14
BRDA:128,17,0,65
BRDA:130,18,0,0
BRDA:31,19,0,1
BRDA:40,20,0,2
BRDA:49,21,0,3
BRF:22
BRH:19
end_of_record
TN:
SF:src/transmuted-errors/types.ts
FNF:0
FNH:0
DA:1,1
DA:2,1
DA:3,1
DA:4,1
DA:5,1
DA:6,1
DA:7,1
DA:8,1
DA:9,1
DA:10,1
DA:11,1
DA:12,1
DA:13,1
DA:14,1
DA:15,1
DA:16,1
DA:17,1
DA:18,1
DA:19,1
DA:20,1
DA:21,1
DA:22,1
DA:23,1
DA:24,1
DA:25,1
DA:26,1
DA:27,1
DA:28,1
DA:29,1
DA:30,1
DA:31,1
DA:32,1
DA:33,1
DA:34,1
DA:35,1
DA:36,1
DA:37,1
DA:38,1
DA:39,1
DA:40,1
DA:41,1
DA:42,1
DA:43,1
DA:44,1
DA:45,1
DA:46,1
LF:46
LH:46
BRF:0
BRH:0
end_of_record
TN:
SF:src/utility/PropsValidationError.ts
FN:20,extractZodErrorValidationDetails
FN:37,stringifyZodErrorValidationDetails
FN:58,AlchemyPropsValidationError
FNF:3
FNH:1
FNDA:6,extractZodErrorValidationDetails
FNDA:0,stringifyZodErrorValidationDetails
FNDA:0,AlchemyPropsValidationError
DA:1,1
DA:2,1
DA:3,1
DA:4,1
DA:5,1
DA:6,1
DA:7,1
DA:8,1
DA:9,1
DA:10,1
DA:11,1
DA:12,1
DA:13,1
DA:14,1
DA:15,1
DA:16,1
DA:17,1
DA:18,1
DA:19,1
DA:20,1
DA:21,6
DA:22,6
DA:23,6
DA:24,6
DA:25,6
DA:26,6
DA:27,6
DA:28,6
DA:29,6
DA:30,1
DA:31,1
DA:32,1
DA:33,1
DA:34,1
DA:35,1
DA:36,1
DA:37,1
DA:38,0
DA:39,0
DA:40,0
DA:41,0
DA:42,0
DA:43,0
DA:44,0
DA:45,0
DA:46,1
DA:47,1
DA:48,1
DA:49,1
DA:50,3
DA:51,3
DA:52,3
DA:53,3
DA:54,3
DA:55,3
DA:56,3
DA:57,3
DA:58,3
DA:59,0
DA:60,0
DA:61,0
DA:62,0
DA:63,0
DA:64,0
DA:65,0
DA:66,3
LF:66
LH:51
BRDA:20,0,0,6
BRDA:23,1,0,6
BRDA:50,2,0,3
BRF:3
BRH:3
end_of_record
TN:
SF:src/utility/createIdentifier.ts
FN:16,createIdentifier
FNF:1
FNH:1
FNDA:3,createIdentifier
DA:1,1
DA:2,1
DA:3,1
DA:4,1
DA:5,1
DA:6,1
DA:7,1
DA:8,1
DA:9,1
DA:10,1
DA:11,1
DA:12,1
DA:13,1
DA:14,1
DA:15,1
DA:16,1
DA:17,3
DA:18,3
DA:19,3
DA:20,3
DA:21,3
DA:22,3
DA:23,3
DA:24,3
DA:25,3
DA:26,3
DA:27,3
LF:27
LH:27
BRDA:16,0,0,3
BRDA:20,1,0,2
BRDA:21,2,0,1
BRDA:23,3,0,2
BRDA:24,4,0,1
BRF:5
BRH:5
end_of_record
TN:
SF:src/utility/escapeIdentifierPart.ts
FN:7,escapeIdentifierPart
FNF:1
FNH:1
FNDA:7,escapeIdentifierPart
DA:1,1
DA:2,1
DA:3,1
DA:4,1
DA:5,1
DA:6,1
DA:7,1
DA:8,7
DA:9,7
LF:9
LH:9
BRDA:7,0,0,7
BRF:1
BRH:1
end_of_record
TN:
SF:src/utility/popStackLayer.ts
FN:1,(empty-report)
FNF:1
FNH:0
FNDA:0,(empty-report)
DA:1,0
DA:2,0
DA:3,0
DA:4,0
DA:5,0
DA:6,0
DA:7,0
DA:8,0
DA:9,0
DA:10,0
DA:11,0
DA:12,0
DA:13,0
DA:14,0
DA:15,0
DA:16,0
DA:17,0
LF:17
LH:0
BRDA:1,0,0,0
BRF:1
BRH:0
end_of_record
TN:
SF:src/utility/testFunc.ts
FN:1,(empty-report)
FNF:1
FNH:0
FNDA:0,(empty-report)
DA:1,0
DA:2,0
DA:3,0
DA:4,0
DA:5,0
DA:6,0
DA:7,0
LF:7
LH:0
BRDA:1,0,0,0
BRF:1
BRH:0
end_of_record
TN:
SF:src/utility/types.ts
FN:1,(empty-report)
FNF:1
FNH:0
FNDA:0,(empty-report)
DA:1,0
DA:2,0
DA:3,0
DA:4,0
DA:5,0
DA:6,0
DA:7,0
DA:8,0
DA:9,0
DA:10,0
DA:11,0
DA:12,0
DA:13,0
DA:14,0
DA:15,0
DA:16,0
DA:17,0
LF:17
LH:0
BRDA:1,0,0,0
BRF:1
BRH:0
end_of_record
TN:
SF:src/validation/asserters/assert/assert.ts
FN:46,assert
FNF:1
FNH:1
FNDA:5,assert
DA:1,1
DA:2,1
DA:3,1
DA:4,1
DA:5,1
DA:6,1
DA:7,1
DA:8,1
DA:9,1
DA:10,1
DA:11,1
DA:12,1
DA:13,1
DA:14,1
DA:15,1
DA:16,1
DA:17,1
DA:18,1
DA:19,1
DA:20,1
DA:21,1
DA:22,1
DA:23,1
DA:24,1
DA:25,1
DA:26,1
DA:27,3
DA:28,3
DA:29,3
DA:30,3
DA:31,3
DA:32,3
DA:33,3
DA:34,3
DA:35,3
DA:36,1
DA:37,1
DA:38,1
DA:39,1
DA:40,1
DA:41,1
DA:42,1
DA:43,1
DA:44,1
DA:45,1
DA:46,5
DA:47,5
DA:48,5
DA:49,5
DA:50,5
DA:51,5
DA:52,5
DA:53,5
DA:54,3
DA:55,3
DA:56,5
DA:57,5
LF:57
LH:57
BRDA:25,0,0,3
BRDA:26,1,0,3
BRDA:29,2,0,3
BRDA:46,3,0,5
BRDA:53,4,0,3
BRF:5
BRH:5
end_of_record
TN:
SF:src/validation/asserters/assertDefined/assertDefined.ts
FN:29,assertDefined
FNF:1
FNH:1
FNDA:7,assertDefined
DA:1,1
DA:2,1
DA:3,1
DA:4,1
DA:5,1
DA:6,1
DA:7,1
DA:8,1
DA:9,1
DA:10,1
DA:11,1
DA:12,1
DA:13,1
DA:14,1
DA:15,1
DA:16,1
DA:17,1
DA:18,1
DA:19,1
DA:20,1
DA:21,1
DA:22,1
DA:23,1
DA:24,1
DA:25,1
DA:26,1
DA:27,1
DA:28,1
DA:29,7
DA:30,7
DA:31,7
DA:32,7
DA:33,3
DA:34,3
DA:35,3
DA:36,3
DA:37,3
DA:38,7
LF:38
LH:38
BRDA:29,0,0,7
BRDA:32,1,0,5
BRDA:32,2,0,2
BRDA:32,3,0,3
BRF:4
BRH:4
end_of_record
TN:
SF:src/validation/asserters/assertEmpty/assertEmpty.ts
FN:33,assertEmpty
FNF:1
FNH:1
FNDA:14,assertEmpty
DA:1,1
DA:2,1
DA:3,1
DA:4,1
DA:5,1
DA:6,1
DA:7,1
DA:8,1
DA:9,1
DA:10,1
DA:11,1
DA:12,1
DA:13,1
DA:14,1
DA:15,1
DA:16,1
DA:17,1
DA:18,1
DA:19,1
DA:20,1
DA:21,1
DA:22,1
DA:23,1
DA:24,1
DA:25,1
DA:26,1
DA:27,1
DA:28,1
DA:29,1
DA:30,1
DA:31,1
DA:32,1
DA:33,14
DA:34,14
DA:35,14
DA:36,14
DA:37,14
DA:38,14
DA:39,14
DA:40,14
DA:41,14
DA:42,10
DA:43,14
DA:44,8
DA:45,14
DA:46,6
DA:47,6
DA:48,6
DA:49,4
DA:50,6
DA:51,0
DA:52,2
DA:53,2
DA:54,2
DA:55,14
DA:56,14
DA:57,14
DA:58,7
DA:59,7
DA:60,7
DA:61,7
DA:62,7
DA:63,14
LF:63
LH:62
BRDA:33,0,0,14
BRDA:40,1,0,12
BRDA:41,2,0,10
BRDA:43,3,0,8
BRDA:45,4,0,6
BRDA:47,5,0,4
BRDA:48,6,0,4
BRDA:50,7,0,2
BRDA:50,8,0,0
BRDA:57,9,0,7
BRF:10
BRH:9
end_of_record
TN:
SF:src/validation/asserters/assertFalsy/assertFalsy.ts
FN:29,assertFalsy
FNF:1
FNH:1
FNDA:11,assertFalsy
DA:1,1
DA:2,1
DA:3,1
DA:4,1
DA:5,1
DA:6,1
DA:7,1
DA:8,1
DA:9,1
DA:10,1
DA:11,1
DA:12,1
DA:13,1
DA:14,1
DA:15,1
DA:16,1
DA:17,1
DA:18,1
DA:19,1
DA:20,1
DA:21,1
DA:22,1
DA:23,1
DA:24,1
DA:25,1
DA:26,1
DA:27,1
DA:28,1
DA:29,11
DA:30,11
DA:31,5
DA:32,5
DA:33,5
DA:34,5
DA:35,5
DA:36,11
LF:36
LH:36
BRDA:29,0,0,11
BRDA:30,1,0,5
BRF:2
BRH:2
end_of_record
TN:
SF:src/validation/asserters/assertNotEmpty/assertNotEmpty.ts
FN:50,assertNotEmpty
FNF:1
FNH:1
FNDA:29,assertNotEmpty
DA:1,1
DA:2,1
DA:3,1
DA:4,1
DA:5,1
DA:6,1
DA:7,1
DA:8,1
DA:9,1
DA:10,1
DA:11,1
DA:12,1
DA:13,1
DA:14,1
DA:15,1
DA:16,1
DA:17,1
DA:18,1
DA:19,1
DA:20,1
DA:21,1
DA:22,1
DA:23,1
DA:24,1
DA:25,1
DA:26,1
DA:27,1
DA:28,1
DA:29,1
DA:30,1
DA:31,1
DA:32,1
DA:33,1
DA:34,1
DA:35,1
DA:36,1
DA:37,1
DA:38,1
DA:39,1
DA:40,1
DA:41,1
DA:42,1
DA:43,1
DA:44,1
DA:45,1
DA:46,1
DA:47,1
DA:48,1
DA:49,1
DA:50,29
DA:51,29
DA:52,29
DA:53,29
DA:54,29
DA:55,29
DA:56,1
DA:57,1
DA:58,1
DA:59,1
DA:60,1
DA:61,28
DA:62,28
DA:63,28
DA:64,29
DA:65,0
DA:66,0
DA:67,0
DA:68,0
DA:69,29
DA:70,28
DA:71,28
DA:72,20
DA:73,28
DA:74,16
DA:75,28
DA:76,12
DA:77,12
DA:78,12
DA:79,8
DA:80,12
DA:81,0
DA:82,4
DA:83,4
DA:84,4
DA:85,28
DA:86,29
DA:87,14
DA:88,14
DA:89,14
DA:90,14
DA:91,14
DA:92,7
DA:93,7
DA:94,7
DA:95,7
DA:96,7
DA:97,29
LF:97
LH:92
BRDA:50,0,0,29
BRDA:52,1,0,14
BRDA:55,2,0,8
BRDA:55,3,0,1
BRDA:61,4,0,28
BRDA:64,5,0,0
BRDA:69,6,0,28
BRDA:70,7,0,24
BRDA:71,8,0,20
BRDA:73,9,0,16
BRDA:75,10,0,12
BRDA:77,11,0,8
BRDA:78,12,0,8
BRDA:80,13,0,4
BRDA:80,14,0,0
BRDA:86,15,0,14
BRDA:91,16,0,7
BRDA:91,17,0,7
BRF:18
BRH:16
end_of_record
TN:
SF:src/validation/asserters/assertTruthy/assertTruthy.ts
FN:27,assertTruthy
FNF:1
FNH:1
FNDA:10,assertTruthy
DA:1,1
DA:2,1
DA:3,1
DA:4,1
DA:5,1
DA:6,1
DA:7,1
DA:8,1
DA:9,1
DA:10,1
DA:11,1
DA:12,1
DA:13,1
DA:14,1
DA:15,1
DA:16,1
DA:17,1
DA:18,1
DA:19,1
DA:20,1
DA:21,1
DA:22,1
DA:23,1
DA:24,1
DA:25,1
DA:26,1
DA:27,10
DA:28,10
DA:29,6
DA:30,6
DA:31,6
DA:32,6
DA:33,6
DA:34,10
LF:34
LH:34
BRDA:27,0,0,10
BRDA:28,1,0,6
BRF:2
BRH:2
end_of_record
TN:
SF:src/validation/parsers/asyncParse/asyncParse.ts
FN:49,asyncParse
FNF:1
FNH:1
FNDA:2,asyncParse
DA:1,1
DA:2,1
DA:3,1
DA:4,1
DA:5,1
DA:6,1
DA:7,1
DA:8,1
DA:9,1
DA:10,1
DA:11,1
DA:12,1
DA:13,1
DA:14,1
DA:15,1
DA:16,1
DA:17,1
DA:18,1
DA:19,1
DA:20,1
DA:21,1
DA:22,1
DA:23,1
DA:24,1
DA:25,1
DA:26,1
DA:27,1
DA:28,1
DA:29,1
DA:30,1
DA:31,1
DA:32,1
DA:33,1
DA:34,1
DA:35,1
DA:36,1
DA:37,1
DA:38,1
DA:39,1
DA:40,1
DA:41,1
DA:42,1
DA:43,1
DA:44,1
DA:45,1
DA:46,1
DA:47,1
DA:48,1
DA:49,1
DA:50,2
DA:51,2
DA:52,2
DA:53,2
DA:54,2
DA:55,2
DA:56,2
LF:56
LH:56
BRDA:24,0,0,1
BRDA:25,1,0,1
BRDA:28,2,0,1
BRDA:49,3,0,2
BRDA:49,4,0,2
BRDA:51,5,0,0
BRDA:51,6,0,1
BRDA:52,7,0,0
BRF:8
BRH:6
end_of_record
TN:
SF:src/validation/parsers/parse/parse.ts
FN:46,parse
FNF:1
FNH:1
FNDA:4,parse
DA:1,1
DA:2,1
DA:3,1
DA:4,1
DA:5,1
DA:6,1
DA:7,1
DA:8,1
DA:9,1
DA:10,1
DA:11,1
DA:12,1
DA:13,1
DA:14,1
DA:15,1
DA:16,1
DA:17,1
DA:18,1
DA:19,1
DA:20,1
DA:21,1
DA:22,1
DA:23,1
DA:24,1
DA:25,1
DA:26,2
DA:27,2
DA:28,2
DA:29,2
DA:30,2
DA:31,2
DA:32,2
DA:33,2
DA:34,2
DA:35,1
DA:36,1
DA:37,1
DA:38,1
DA:39,1
DA:40,1
DA:41,1
DA:42,1
DA:43,1
DA:44,1
DA:45,1
DA:46,1
DA:47,4
DA:48,4
DA:49,4
DA:50,4
DA:51,4
DA:52,4
DA:53,2
DA:54,2
DA:55,4
LF:55
LH:55
BRDA:24,0,0,2
BRDA:25,1,0,2
BRDA:28,2,0,2
BRDA:46,3,0,4
BRDA:52,4,0,2
BRF:5
BRH:5
end_of_record
TN:
SF:src/validation/validators/asyncValidate/asyncValidate.ts
FN:14,asyncValidate
FNF:1
FNH:1
FNDA:2,asyncValidate
DA:1,1
DA:2,1
DA:3,1
DA:4,1
DA:5,1
DA:6,1
DA:7,1
DA:8,1
DA:9,1
DA:10,1
DA:11,1
DA:12,1
DA:13,1
DA:14,1
DA:15,2
DA:16,2
LF:16
LH:16
BRDA:14,0,0,2
BRDA:14,1,0,2
BRF:2
BRH:2
end_of_record
TN:
SF:src/validation/validators/validate/validate.ts
FN:11,validate
FNF:1
FNH:1
FNDA:2,validate
DA:1,1
DA:2,1
DA:3,1
DA:4,1
DA:5,1
DA:6,1
DA:7,1
DA:8,1
DA:9,1
DA:10,1
DA:11,1
DA:12,2
DA:13,2
DA:14,2
DA:15,2
DA:16,2
LF:16
LH:16
BRDA:11,0,0,2
BRF:1
BRH:1
end_of_record
